<?xml version="1.0" encoding="UTF-8"?>
<!-- Generated by org.testng.reporters.JUnitXMLReporter -->
<testsuite ignored="4" hostname="INCNU348D1X1" failures="1" tests="5" name="Test" time="30.481" errors="0" timestamp="28 May 2019 10:39:31 GMT">
  <testcase classname="GetBooking" name="getBookingIDs" time="6.284">
    <failure type="java.lang.AssertionError" message="expected [Mary] but found [Jim]">
      <![CDATA[java.lang.AssertionError: expected [Mary] but found [Jim]
at GetBooking.getBookingIDs(GetBooking.java:61)
... Removed 31 stack frames]]>
    </failure>
  </testcase> <!-- getBookingIDs -->
  <testcase classname="CreateBooking" name="createNewBooking" time="3.014"/>
  <testcase classname="UpdateBooking" name="updateBooking" time="5.649"/>
  <testcase classname="PartialUpdateBooking" name="updateBooking" time="4.274"/>
  <testcase classname="DeleteBooking" name="getBookingIDs" time="4.122"/>
  <testcase classname="utility.BaseTest" name="@BeforeSuite setBaseURI" time="0.0">
    <ignored/>
  </testcase> <!-- @BeforeSuite setBaseURI -->
  <testcase classname="utility.BaseTest" name="@BeforeSuite setBaseURI" time="0.0">
    <ignored/>
  </testcase> <!-- @BeforeSuite setBaseURI -->
  <testcase classname="utility.BaseTest" name="@BeforeSuite setBaseURI" time="0.0">
    <ignored/>
  </testcase> <!-- @BeforeSuite setBaseURI -->
  <testcase classname="utility.BaseTest" name="@BeforeSuite setBaseURI" time="0.0">
    <ignored/>
  </testcase> <!-- @BeforeSuite setBaseURI -->
</testsuite> <!-- Test -->
