<?xml version="1.0" encoding="UTF-8"?>
<testng-results skipped="0" failed="0" ignored="0" total="2" passed="2">
  <reporter-output>
  </reporter-output>
  <suite name="Suite" duration-ms="86" started-at="2019-02-14T15:01:08 IST" finished-at="2019-02-14T15:01:08 IST">
    <groups>
    </groups>
    <test name="Test" duration-ms="86" started-at="2019-02-14T15:01:08 IST" finished-at="2019-02-14T15:01:08 IST">
      <class name="com.dxc.TestingProjects.SeleniumTest">
        <test-method status="PASS" signature="BrowserAutomation()[pri:0, instance:com.dxc.TestingProjects.SeleniumTest@523884b2]" name="BrowserAutomation" duration-ms="13" started-at="2019-02-14T15:01:08 IST" finished-at="2019-02-14T15:01:08 IST">
          <reporter-output>
          </reporter-output>
        </test-method> <!-- BrowserAutomation -->
      </class> <!-- com.dxc.TestingProjects.SeleniumTest -->
      <class name="com.dxc.TestingProjects.APITest1">
        <test-method status="PASS" signature="RESTAutomation()[pri:0, instance:com.dxc.TestingProjects.APITest1@5b275dab]" name="RESTAutomation" duration-ms="1" started-at="2019-02-14T15:01:08 IST" finished-at="2019-02-14T15:01:08 IST">
          <reporter-output>
          </reporter-output>
        </test-method> <!-- RESTAutomation -->
      </class> <!-- com.dxc.TestingProjects.APITest1 -->
    </test> <!-- Test -->
  </suite> <!-- Suite -->
</testng-results>
