<?xml version="1.0" encoding="UTF-8"?>
<testng-results ignored="4" total="9" passed="4" failed="1" skipped="0">
  <reporter-output>
  </reporter-output>
  <suite started-at="2019-05-28T10:39:00Z" name="Suite" finished-at="2019-05-28T10:39:31Z" duration-ms="30481">
    <groups>
    </groups>
    <test started-at="2019-05-28T10:39:00Z" name="Test" finished-at="2019-05-28T10:39:31Z" duration-ms="30481">
      <class name="PartialUpdateBooking">
        <test-method is-config="true" signature="beforeMethod()[pri:0, instance:PartialUpdateBooking@6b04acb2]" started-at="2019-05-28T10:39:22Z" name="beforeMethod" finished-at="2019-05-28T10:39:22Z" duration-ms="1" status="PASS">
          <reporter-output>
          </reporter-output>
        </test-method> <!-- beforeMethod -->
        <test-method signature="updateBooking()[pri:0, instance:PartialUpdateBooking@6b04acb2]" started-at="2019-05-28T10:39:22Z" name="updateBooking" description="To update the details of the booking IDs" finished-at="2019-05-28T10:39:26Z" duration-ms="4274" status="PASS">
          <reporter-output>
          </reporter-output>
        </test-method> <!-- updateBooking -->
      </class> <!-- PartialUpdateBooking -->
      <class name="GetBooking">
        <test-method is-config="true" signature="setBaseURI()[pri:0, instance:GetBooking@2e6ba49a]" started-at="2019-05-28T10:38:58Z" name="setBaseURI" finished-at="2019-05-28T10:39:00Z" duration-ms="2273" status="PASS">
          <reporter-output>
          </reporter-output>
        </test-method> <!-- setBaseURI -->
        <test-method is-config="true" signature="beforeMethod()[pri:0, instance:GetBooking@2e6ba49a]" started-at="2019-05-28T10:39:06Z" name="beforeMethod" finished-at="2019-05-28T10:39:06Z" duration-ms="318" status="PASS">
          <reporter-output>
          </reporter-output>
        </test-method> <!-- beforeMethod -->
        <test-method signature="getBookingIDs(java.lang.String, java.lang.String, java.lang.String, java.lang.String, java.lang.String, java.lang.String, java.lang.String, java.lang.String, java.lang.String)[pri:0, instance:GetBooking@2e6ba49a]" started-at="2019-05-28T10:39:07Z" name="getBookingIDs" description="To retrieve the details of the booking IDs" data-provider="DataFromExcel" finished-at="2019-05-28T10:39:13Z" duration-ms="6284" status="FAIL">
          <params>
            <param index="0">
              <value>
                <![CDATA[1]]>
              </value>
            </param>
            <param index="1">
              <value>
                <![CDATA[Mary]]>
              </value>
            </param>
            <param index="2">
              <value>
                <![CDATA[Jones]]>
              </value>
            </param>
            <param index="3">
              <value>
                <![CDATA[243]]>
              </value>
            </param>
            <param index="4">
              <value>
                <![CDATA[false]]>
              </value>
            </param>
            <param index="5">
              <value>
                <![CDATA[2017-04-16]]>
              </value>
            </param>
            <param index="6">
              <value>
                <![CDATA[2018-02-03]]>
              </value>
            </param>
            <param index="7">
              <value>
                <![CDATA[]]>
              </value>
            </param>
            <param index="8">
              <value is-null="true"/>
            </param>
          </params>
          <exception class="java.lang.AssertionError">
            <message>
              <![CDATA[expected [Mary] but found [Jim]]]>
            </message>
            <full-stacktrace>
              <![CDATA[java.lang.AssertionError: expected [Mary] but found [Jim]
at org.testng.Assert.fail(Assert.java:96)
at org.testng.Assert.failNotEquals(Assert.java:776)
at org.testng.Assert.assertEqualsImpl(Assert.java:137)
at org.testng.Assert.assertEquals(Assert.java:118)
at org.testng.Assert.assertEquals(Assert.java:453)
at org.testng.Assert.assertEquals(Assert.java:463)
at GetBooking.getBookingIDs(GetBooking.java:61)
at java.base/jdk.internal.reflect.NativeMethodAccessorImpl.invoke0(Native Method)
at java.base/jdk.internal.reflect.NativeMethodAccessorImpl.invoke(NativeMethodAccessorImpl.java:62)
at java.base/jdk.internal.reflect.DelegatingMethodAccessorImpl.invoke(DelegatingMethodAccessorImpl.java:43)
at java.base/java.lang.reflect.Method.invoke(Method.java:567)
at org.testng.internal.MethodInvocationHelper.invokeMethod(MethodInvocationHelper.java:124)
at org.testng.internal.Invoker.invokeMethod(Invoker.java:583)
at org.testng.internal.Invoker.invokeTestMethod(Invoker.java:719)
at org.testng.internal.Invoker.invokeTestMethods(Invoker.java:989)
at org.testng.internal.TestMethodWorker.invokeTestMethods(TestMethodWorker.java:125)
at org.testng.internal.TestMethodWorker.run(TestMethodWorker.java:109)
at org.testng.TestRunner.privateRun(TestRunner.java:648)
at org.testng.TestRunner.run(TestRunner.java:505)
at org.testng.SuiteRunner.runTest(SuiteRunner.java:455)
at org.testng.SuiteRunner.runSequentially(SuiteRunner.java:450)
at org.testng.SuiteRunner.privateRun(SuiteRunner.java:415)
at org.testng.SuiteRunner.run(SuiteRunner.java:364)
at org.testng.SuiteRunnerWorker.runSuite(SuiteRunnerWorker.java:52)
at org.testng.SuiteRunnerWorker.run(SuiteRunnerWorker.java:84)
at org.testng.TestNG.runSuitesSequentially(TestNG.java:1208)
at org.testng.TestNG.runSuitesLocally(TestNG.java:1137)
at org.testng.TestNG.runSuites(TestNG.java:1049)
at org.testng.TestNG.run(TestNG.java:1017)
at org.testng.remote.AbstractRemoteTestNG.run(AbstractRemoteTestNG.java:115)
at org.testng.remote.RemoteTestNG.initAndRun(RemoteTestNG.java:251)
at org.testng.remote.RemoteTestNG.main(RemoteTestNG.java:77)
]]>
            </full-stacktrace>
          </exception> <!-- java.lang.AssertionError -->
          <reporter-output>
          </reporter-output>
        </test-method> <!-- getBookingIDs -->
      </class> <!-- GetBooking -->
      <class name="DeleteBooking">
        <test-method is-config="true" signature="beforeMethod()[pri:0, instance:DeleteBooking@18388a3c]" started-at="2019-05-28T10:39:26Z" name="beforeMethod" finished-at="2019-05-28T10:39:26Z" duration-ms="1" status="PASS">
          <reporter-output>
          </reporter-output>
        </test-method> <!-- beforeMethod -->
        <test-method signature="getBookingIDs()[pri:0, instance:DeleteBooking@18388a3c]" started-at="2019-05-28T10:39:26Z" name="getBookingIDs" description="To delete the details of the booking IDs" finished-at="2019-05-28T10:39:31Z" duration-ms="4122" status="PASS">
          <reporter-output>
          </reporter-output>
        </test-method> <!-- getBookingIDs -->
      </class> <!-- DeleteBooking -->
      <class name="CreateBooking">
        <test-method is-config="true" signature="beforeMethod()[pri:0, instance:CreateBooking@5f5b5ca4]" started-at="2019-05-28T10:39:13Z" name="beforeMethod" finished-at="2019-05-28T10:39:13Z" duration-ms="2" status="PASS">
          <reporter-output>
          </reporter-output>
        </test-method> <!-- beforeMethod -->
        <test-method signature="createNewBooking(java.lang.String, java.lang.String, java.lang.String, java.lang.String, java.lang.String, java.lang.String, java.lang.String, java.lang.String)[pri:0, instance:CreateBooking@5f5b5ca4]" started-at="2019-05-28T10:39:13Z" name="createNewBooking" description="To retrieve the details of the booking IDs" data-provider="DataFromExcel" finished-at="2019-05-28T10:39:16Z" duration-ms="3014" status="PASS">
          <params>
            <param index="0">
              <value>
                <![CDATA[Jimmy]]>
              </value>
            </param>
            <param index="1">
              <value>
                <![CDATA[Browny]]>
              </value>
            </param>
            <param index="2">
              <value>
                <![CDATA[112]]>
              </value>
            </param>
            <param index="3">
              <value>
                <![CDATA[true]]>
              </value>
            </param>
            <param index="4">
              <value>
                <![CDATA[2017-01-02]]>
              </value>
            </param>
            <param index="5">
              <value>
                <![CDATA[2017-01-30]]>
              </value>
            </param>
            <param index="6">
              <value>
                <![CDATA[Lunch]]>
              </value>
            </param>
            <param index="7">
              <value is-null="true"/>
            </param>
          </params>
          <reporter-output>
          </reporter-output>
        </test-method> <!-- createNewBooking -->
      </class> <!-- CreateBooking -->
      <class name="UpdateBooking">
        <test-method is-config="true" signature="beforeMethod()[pri:0, instance:UpdateBooking@4ee33af7]" started-at="2019-05-28T10:39:16Z" name="beforeMethod" finished-at="2019-05-28T10:39:16Z" duration-ms="3" status="PASS">
          <reporter-output>
          </reporter-output>
        </test-method> <!-- beforeMethod -->
        <test-method signature="updateBooking()[pri:0, instance:UpdateBooking@4ee33af7]" started-at="2019-05-28T10:39:16Z" name="updateBooking" description="To update the details of the booking IDs" finished-at="2019-05-28T10:39:22Z" duration-ms="5649" status="PASS">
          <reporter-output>
          </reporter-output>
        </test-method> <!-- updateBooking -->
      </class> <!-- UpdateBooking -->
    </test> <!-- Test -->
  </suite> <!-- Suite -->
</testng-results>
