<?xml version="1.0" encoding="UTF-8"?>
<testng-results ignored="0" total="1" passed="1" failed="0" skipped="0">
  <reporter-output>
  </reporter-output>
  <suite started-at="2019-05-24T04:34:37Z" name="Suite" finished-at="2019-05-24T04:34:52Z" duration-ms="14869">
    <groups>
    </groups>
    <test started-at="2019-05-24T04:34:37Z" name="Test" finished-at="2019-05-24T04:34:52Z" duration-ms="14869">
      <class name="POST_test">
        <test-method is-config="true" signature="setupResponseSpecBuilder()[pri:0, instance:POST_test@1bd81830]" started-at="2019-05-24T04:34:37Z" name="setupResponseSpecBuilder" finished-at="2019-05-24T04:34:40Z" duration-ms="3208" status="PASS">
          <reporter-output>
          </reporter-output>
        </test-method> <!-- setupResponseSpecBuilder -->
        <test-method signature="post_CreateAuth()[pri:0, instance:POST_test@1bd81830]" started-at="2019-05-24T04:34:40Z" name="post_CreateAuth" description="To test the report 2" finished-at="2019-05-24T04:34:51Z" duration-ms="10734" status="PASS">
          <reporter-output>
          </reporter-output>
        </test-method> <!-- post_CreateAuth -->
      </class> <!-- POST_test -->
    </test> <!-- Test -->
  </suite> <!-- Suite -->
</testng-results>
